<?xml version="1.0" encoding="UTF-8"?>
<testsuite xmlns:xsi="http://www.w3.org/2001/XMLSchema-instance" xsi:noNamespaceSchemaLocation="https://maven.apache.org/surefire/maven-surefire-plugin/xsd/surefire-test-report-3.0.xsd" version="3.0" name="com.dockerauto.DockerautoApplicationTests" time="7.563" tests="1" errors="0" skipped="0" failures="0">
  <properties>
[...]
</properties>
  <testcase name="contextLoads" classname="com.dockerauto.DockerautoApplicationTests" time="2.936">
    <system-out><![CDATA[15:09:37.316 [main] INFO org.springframework.test.context.support.AnnotationConfigContextLoaderUtils -- Could not detect default configuration classes for test class [com.dockerauto.DockerautoApplicationTests]: DockerautoApplicationTests does not declare any static, non-private, non-final, nested classes annotated with @Configuration.
15:09:37.591 [main] INFO org.springframework.boot.test.context.SpringBootTestContextBootstrapper -- Found @SpringBootConfiguration com.dockerauto.DockerautoApplication for test class com.dockerauto.DockerautoApplicationTests
15:09:38.054 [main] INFO org.springframework.boot.devtools.restart.RestartApplicationListener -- Restart disabled due to context in which it is running

  .   ____          _            __ _ _
 /\\ / ___'_ __ _ _(_)_ __  __ _ \ \ \ \
( ( )\___ | '_ | '_| | '_ \/ _` | \ \ \ \
 \\/  ___)| |_)| | | | | || (_| |  ) ) ) )
  '  |____| .__|_| |_|_| |_\__, | / / / /
 =========|_|==============|___/=/_/_/_/
 :: Spring Boot ::      (v3.1.10-SNAPSHOT)

2024-03-15T15:09:38.764+05:30  INFO 18324 --- [           main] c.dockerauto.DockerautoApplicationTests  : Starting DockerautoApplicationTests using Java 17.0.9 with PID 18324 (started by guru in C:\Users\hp\Documents\workspace-spring-tool-suite-4-4.21.0.RELEASE\dockerauto)
2024-03-15T15:09:38.767+05:30  INFO 18324 --- [           main] c.dockerauto.DockerautoApplicationTests  : No active profile set, falling back to 1 default profile: "default"
2024-03-15T15:09:41.460+05:30  INFO 18324 --- [           main] c.dockerauto.DockerautoApplicationTests  : Started DockerautoApplicationTests in 3.438 seconds (process running for 6.413)
]]></system-out>
  </testcase>
</testsuite>